{"C:\\Users\\pedro\\Área de Trabalho\\Trabalho_EngSoftware_VIP\\Loja\\persistence\\BD.js": {"path":"C:\\Users\\pedro\\Área de Trabalho\\Trabalho_EngSoftware_VIP\\Loja\\persistence\\BD.js","statementMap":{"0":{"start":{"line":5,"column":4},"end":{"line":7,"column":5}},"1":{"start":{"line":6,"column":8},"end":{"line":6,"column":43}},"2":{"start":{"line":9,"column":17},"end":{"line":11,"column":6}},"3":{"start":{"line":12,"column":4},"end":{"line":12,"column":29}},"4":{"start":{"line":13,"column":4},"end":{"line":13,"column":26}}},"fnMap":{"0":{"name":"conectar","decl":{"start":{"line":3,"column":9},"end":{"line":3,"column":17}},"loc":{"start":{"line":3,"column":19},"end":{"line":14,"column":1}},"line":3}},"branchMap":{"0":{"loc":{"start":{"line":5,"column":4},"end":{"line":7,"column":5}},"type":"if","locations":[{"start":{"line":5,"column":4},"end":{"line":7,"column":5}},{"start":{},"end":{}}],"line":5}},"s":{"0":3,"1":2,"2":1,"3":1,"4":1},"f":{"0":3},"b":{"0":[2,1]},"_coverageSchema":"1a1c01bbd47fc00a2c39e90264f33305004495a9","hash":"1ca4cb776b7ac2abff1d33810c4fc67fdbbd64b5"}
,"C:\\Users\\pedro\\Área de Trabalho\\Trabalho_EngSoftware_VIP\\Loja\\persistence\\cliente.persistence.js": {"path":"C:\\Users\\pedro\\Área de Trabalho\\Trabalho_EngSoftware_VIP\\Loja\\persistence\\cliente.persistence.js","statementMap":{"0":{"start":{"line":5,"column":17},"end":{"line":5,"column":36}},"1":{"start":{"line":6,"column":4},"end":{"line":15,"column":5}},"2":{"start":{"line":7,"column":25},"end":{"line":7,"column":66}},"3":{"start":{"line":8,"column":8},"end":{"line":8,"column":56}},"4":{"start":{"line":9,"column":8},"end":{"line":9,"column":29}},"5":{"start":{"line":11,"column":8},"end":{"line":11,"column":27}},"6":{"start":{"line":14,"column":8},"end":{"line":14,"column":23}},"7":{"start":{"line":20,"column":17},"end":{"line":20,"column":36}},"8":{"start":{"line":21,"column":4},"end":{"line":32,"column":5}},"9":{"start":{"line":22,"column":25},"end":{"line":22,"column":88}},"10":{"start":{"line":23,"column":8},"end":{"line":23,"column":56}},"11":{"start":{"line":24,"column":8},"end":{"line":24,"column":29}},"12":{"start":{"line":27,"column":8},"end":{"line":27,"column":25}},"13":{"start":{"line":31,"column":8},"end":{"line":31,"column":23}},"14":{"start":{"line":37,"column":17},"end":{"line":37,"column":36}},"15":{"start":{"line":38,"column":4},"end":{"line":49,"column":5}},"16":{"start":{"line":39,"column":23},"end":{"line":39,"column":131}},"17":{"start":{"line":40,"column":8},"end":{"line":40,"column":40}},"18":{"start":{"line":41,"column":8},"end":{"line":41,"column":27}},"19":{"start":{"line":44,"column":8},"end":{"line":44,"column":21}},"20":{"start":{"line":48,"column":8},"end":{"line":48,"column":23}},"21":{"start":{"line":53,"column":17},"end":{"line":53,"column":36}},"22":{"start":{"line":54,"column":4},"end":{"line":65,"column":5}},"23":{"start":{"line":55,"column":24},"end":{"line":55,"column":97}},"24":{"start":{"line":56,"column":8},"end":{"line":56,"column":40}},"25":{"start":{"line":57,"column":8},"end":{"line":57,"column":28}},"26":{"start":{"line":60,"column":8},"end":{"line":60,"column":25}},"27":{"start":{"line":64,"column":8},"end":{"line":64,"column":23}},"28":{"start":{"line":70,"column":17},"end":{"line":70,"column":36}},"29":{"start":{"line":71,"column":4},"end":{"line":82,"column":5}},"30":{"start":{"line":72,"column":25},"end":{"line":72,"column":108}},"31":{"start":{"line":73,"column":8},"end":{"line":73,"column":52}},"32":{"start":{"line":74,"column":8},"end":{"line":74,"column":29}},"33":{"start":{"line":77,"column":8},"end":{"line":77,"column":25}},"34":{"start":{"line":81,"column":8},"end":{"line":81,"column":23}}},"fnMap":{"0":{"name":"getAllClientes","decl":{"start":{"line":3,"column":15},"end":{"line":3,"column":29}},"loc":{"start":{"line":3,"column":31},"end":{"line":16,"column":1}},"line":3},"1":{"name":"getCliente","decl":{"start":{"line":18,"column":15},"end":{"line":18,"column":25}},"loc":{"start":{"line":18,"column":31},"end":{"line":33,"column":1}},"line":18},"2":{"name":"createCliente","decl":{"start":{"line":35,"column":15},"end":{"line":35,"column":28}},"loc":{"start":{"line":35,"column":48},"end":{"line":50,"column":1}},"line":35},"3":{"name":"deleteCliente","decl":{"start":{"line":52,"column":15},"end":{"line":52,"column":28}},"loc":{"start":{"line":52,"column":34},"end":{"line":66,"column":1}},"line":52},"4":{"name":"fazerLogin","decl":{"start":{"line":68,"column":15},"end":{"line":68,"column":25}},"loc":{"start":{"line":68,"column":38},"end":{"line":83,"column":1}},"line":68}},"branchMap":{},"s":{"0":0,"1":0,"2":0,"3":0,"4":0,"5":0,"6":0,"7":3,"8":3,"9":3,"10":3,"11":3,"12":0,"13":3,"14":0,"15":0,"16":0,"17":0,"18":0,"19":0,"20":0,"21":0,"22":0,"23":0,"24":0,"25":0,"26":0,"27":0,"28":0,"29":0,"30":0,"31":0,"32":0,"33":0,"34":0},"f":{"0":0,"1":3,"2":0,"3":0,"4":0},"b":{},"_coverageSchema":"1a1c01bbd47fc00a2c39e90264f33305004495a9","hash":"53ae7d0a5f3a0f74e95f732779eabe7708610a83"}
,"C:\\Users\\pedro\\Área de Trabalho\\Trabalho_EngSoftware_VIP\\Loja\\services\\cliente.service.js": {"path":"C:\\Users\\pedro\\Área de Trabalho\\Trabalho_EngSoftware_VIP\\Loja\\services\\cliente.service.js","statementMap":{"0":{"start":{"line":4,"column":4},"end":{"line":4,"column":53}},"1":{"start":{"line":8,"column":4},"end":{"line":8,"column":53}},"2":{"start":{"line":12,"column":20},"end":{"line":12,"column":78}},"3":{"start":{"line":13,"column":4},"end":{"line":13,"column":25}},"4":{"start":{"line":14,"column":4},"end":{"line":19,"column":5}},"5":{"start":{"line":15,"column":8},"end":{"line":15,"column":20}},"6":{"start":{"line":18,"column":8},"end":{"line":18,"column":21}},"7":{"start":{"line":23,"column":20},"end":{"line":23,"column":42}},"8":{"start":{"line":24,"column":4},"end":{"line":29,"column":5}},"9":{"start":{"line":25,"column":8},"end":{"line":25,"column":60}},"10":{"start":{"line":28,"column":8},"end":{"line":28,"column":40}},"11":{"start":{"line":33,"column":20},"end":{"line":33,"column":68}},"12":{"start":{"line":34,"column":4},"end":{"line":45,"column":5}},"13":{"start":{"line":35,"column":24},"end":{"line":35,"column":42}},"14":{"start":{"line":36,"column":8},"end":{"line":41,"column":9}},"15":{"start":{"line":37,"column":12},"end":{"line":37,"column":21}},"16":{"start":{"line":40,"column":12},"end":{"line":40,"column":21}},"17":{"start":{"line":44,"column":8},"end":{"line":44,"column":21}}},"fnMap":{"0":{"name":"getAllClientes","decl":{"start":{"line":3,"column":15},"end":{"line":3,"column":29}},"loc":{"start":{"line":3,"column":31},"end":{"line":5,"column":1}},"line":3},"1":{"name":"getCliente","decl":{"start":{"line":7,"column":15},"end":{"line":7,"column":25}},"loc":{"start":{"line":7,"column":31},"end":{"line":9,"column":1}},"line":7},"2":{"name":"createCliente","decl":{"start":{"line":11,"column":15},"end":{"line":11,"column":28}},"loc":{"start":{"line":11,"column":48},"end":{"line":20,"column":1}},"line":11},"3":{"name":"deleteCliente","decl":{"start":{"line":22,"column":15},"end":{"line":22,"column":28}},"loc":{"start":{"line":22,"column":34},"end":{"line":30,"column":1}},"line":22},"4":{"name":"fazerLogin","decl":{"start":{"line":32,"column":15},"end":{"line":32,"column":25}},"loc":{"start":{"line":32,"column":38},"end":{"line":46,"column":1}},"line":32}},"branchMap":{"0":{"loc":{"start":{"line":14,"column":4},"end":{"line":19,"column":5}},"type":"if","locations":[{"start":{"line":14,"column":4},"end":{"line":19,"column":5}},{"start":{"line":17,"column":8},"end":{"line":19,"column":5}}],"line":14},"1":{"loc":{"start":{"line":24,"column":4},"end":{"line":29,"column":5}},"type":"if","locations":[{"start":{"line":24,"column":4},"end":{"line":29,"column":5}},{"start":{"line":27,"column":9},"end":{"line":29,"column":5}}],"line":24},"2":{"loc":{"start":{"line":34,"column":4},"end":{"line":45,"column":5}},"type":"if","locations":[{"start":{"line":34,"column":4},"end":{"line":45,"column":5}},{"start":{"line":43,"column":9},"end":{"line":45,"column":5}}],"line":34},"3":{"loc":{"start":{"line":36,"column":8},"end":{"line":41,"column":9}},"type":"if","locations":[{"start":{"line":36,"column":8},"end":{"line":41,"column":9}},{"start":{"line":39,"column":13},"end":{"line":41,"column":9}}],"line":36}},"s":{"0":0,"1":3,"2":0,"3":0,"4":0,"5":0,"6":0,"7":2,"8":2,"9":0,"10":2,"11":0,"12":0,"13":0,"14":0,"15":0,"16":0,"17":0},"f":{"0":0,"1":3,"2":0,"3":2,"4":0},"b":{"0":[0,0],"1":[0,2],"2":[0,0],"3":[0,0]},"_coverageSchema":"1a1c01bbd47fc00a2c39e90264f33305004495a9","hash":"cdfd77a93e91ffc40b82b2443c99a2cf77e30f9e"}
}
