TN:
SF:persistence\BD.js
FN:3,conectar
FNF:1
FNH:1
FNDA:3,conectar
DA:5,3
DA:6,2
DA:9,1
DA:12,1
DA:13,1
LF:5
LH:5
BRDA:5,0,0,2
BRDA:5,0,1,1
BRF:2
BRH:2
end_of_record
TN:
SF:persistence\cliente.persistence.js
FN:3,getAllClientes
FN:18,getCliente
FN:35,createCliente
FN:52,deleteCliente
FN:68,fazerLogin
FNF:5
FNH:1
FNDA:0,getAllClientes
FNDA:3,getCliente
FNDA:0,createCliente
FNDA:0,deleteCliente
FNDA:0,fazerLogin
DA:5,0
DA:6,0
DA:7,0
DA:8,0
DA:9,0
DA:11,0
DA:14,0
DA:20,3
DA:21,3
DA:22,3
DA:23,3
DA:24,3
DA:27,0
DA:31,3
DA:37,0
DA:38,0
DA:39,0
DA:40,0
DA:41,0
DA:44,0
DA:48,0
DA:53,0
DA:54,0
DA:55,0
DA:56,0
DA:57,0
DA:60,0
DA:64,0
DA:70,0
DA:71,0
DA:72,0
DA:73,0
DA:74,0
DA:77,0
DA:81,0
LF:35
LH:6
BRF:0
BRH:0
end_of_record
TN:
SF:services\cliente.service.js
FN:3,getAllClientes
FN:7,getCliente
FN:11,createCliente
FN:22,deleteCliente
FN:32,fazerLogin
FNF:5
FNH:2
FNDA:0,getAllClientes
FNDA:3,getCliente
FNDA:0,createCliente
FNDA:2,deleteCliente
FNDA:0,fazerLogin
DA:4,0
DA:8,3
DA:12,0
DA:13,0
DA:14,0
DA:15,0
DA:18,0
DA:23,2
DA:24,2
DA:25,0
DA:28,2
DA:33,0
DA:34,0
DA:35,0
DA:36,0
DA:37,0
DA:40,0
DA:44,0
LF:18
LH:4
BRDA:14,0,0,0
BRDA:14,0,1,0
BRDA:24,1,0,0
BRDA:24,1,1,2
BRDA:34,2,0,0
BRDA:34,2,1,0
BRDA:36,3,0,0
BRDA:36,3,1,0
BRF:8
BRH:1
end_of_record
